<?xml version="1.0" encoding="UTF-8"?>
<testng-results skipped="0" failed="0" ignored="0" total="1" passed="1">
  <reporter-output>
  </reporter-output>
  <suite name="Default suite" duration-ms="110" started-at="2019-06-24T14:27:50Z" finished-at="2019-06-24T14:27:50Z">
    <groups>
    </groups>
    <test name="Default test" duration-ms="110" started-at="2019-06-24T14:27:50Z" finished-at="2019-06-24T14:27:50Z">
      <class name="mytestng.test">
        <test-method status="PASS" signature="beforeMethod()[pri:0, instance:mytestng.test@9629756]" name="beforeMethod" is-config="true" duration-ms="15" started-at="2019-06-24T14:27:50Z" finished-at="2019-06-24T14:27:50Z">
          <reporter-output>
          </reporter-output>
        </test-method> <!-- beforeMethod -->
        <test-method status="PASS" signature="helloWorld()[pri:0, instance:mytestng.test@9629756]" name="helloWorld" duration-ms="14" started-at="2019-06-24T14:27:50Z" finished-at="2019-06-24T14:27:50Z">
          <reporter-output>
          </reporter-output>
        </test-method> <!-- helloWorld -->
        <test-method status="PASS" signature="afterMethod()[pri:0, instance:mytestng.test@9629756]" name="afterMethod" is-config="true" duration-ms="0" started-at="2019-06-24T14:27:50Z" finished-at="2019-06-24T14:27:50Z">
          <reporter-output>
          </reporter-output>
        </test-method> <!-- afterMethod -->
      </class> <!-- mytestng.test -->
    </test> <!-- Default test -->
  </suite> <!-- Default suite -->
</testng-results>
